2024-12-02T18:21:18.084 globset [DEBUG] glob converted to regex: Glob { glob: "*/Dockerfile.*", re: "(?-u)^.*/Dockerfile\\..*$", opts: GlobOptions { case_insensitive: false, literal_separator: false, backslash_escape: true, empty_alternates: false }, tokens: Tokens([ZeroOrMore, Literal('/'), Literal('D'), Literal('o'), Literal('c'), Literal('k'), Literal('e'), Literal('r'), Literal('f'), Literal('i'), Literal('l'), Literal('e'), Literal('.'), ZeroOrMore]) }
2024-12-02T18:21:18.085 globset [DEBUG] glob converted to regex: Glob { glob: "*/dockerfile.*", re: "(?-u)^.*/dockerfile\\..*$", opts: GlobOptions { case_insensitive: false, literal_separator: false, backslash_escape: true, empty_alternates: false }, tokens: Tokens([ZeroOrMore, Literal('/'), Literal('d'), Literal('o'), Literal('c'), Literal('k'), Literal('e'), Literal('r'), Literal('f'), Literal('i'), Literal('l'), Literal('e'), Literal('.'), ZeroOrMore]) }
2024-12-02T18:21:18.085 globset [DEBUG] glob converted to regex: Glob { glob: "*/Containerfile.*", re: "(?-u)^.*/Containerfile\\..*$", opts: GlobOptions { case_insensitive: false, literal_separator: false, backslash_escape: true, empty_alternates: false }, tokens: Tokens([ZeroOrMore, Literal('/'), Literal('C'), Literal('o'), Literal('n'), Literal('t'), Literal('a'), Literal('i'), Literal('n'), Literal('e'), Literal('r'), Literal('f'), Literal('i'), Literal('l'), Literal('e'), Literal('.'), ZeroOrMore]) }
2024-12-02T18:21:18.085 globset [DEBUG] glob converted to regex: Glob { glob: "*/containerfile.*", re: "(?-u)^.*/containerfile\\..*$", opts: GlobOptions { case_insensitive: false, literal_separator: false, backslash_escape: true, empty_alternates: false }, tokens: Tokens([ZeroOrMore, Literal('/'), Literal('c'), Literal('o'), Literal('n'), Literal('t'), Literal('a'), Literal('i'), Literal('n'), Literal('e'), Literal('r'), Literal('f'), Literal('i'), Literal('l'), Literal('e'), Literal('.'), ZeroOrMore]) }
2024-12-02T18:21:18.085 globset [DEBUG] glob converted to regex: Glob { glob: "*/.*ignore", re: "(?-u)^.*/\\..*ignore$", opts: GlobOptions { case_insensitive: false, literal_separator: false, backslash_escape: true, empty_alternates: false }, tokens: Tokens([ZeroOrMore, Literal('/'), Literal('.'), ZeroOrMore, Literal('i'), Literal('g'), Literal('n'), Literal('o'), Literal('r'), Literal('e')]) }
2024-12-02T18:21:18.085 globset [DEBUG] glob converted to regex: Glob { glob: "*/BUILD.*", re: "(?-u)^.*/BUILD\\..*$", opts: GlobOptions { case_insensitive: false, literal_separator: false, backslash_escape: true, empty_alternates: false }, tokens: Tokens([ZeroOrMore, Literal('/'), Literal('B'), Literal('U'), Literal('I'), Literal('L'), Literal('D'), Literal('.'), ZeroOrMore]) }
2024-12-02T18:21:18.085 globset [DEBUG] glob converted to regex: Glob { glob: "*/.env.*", re: "(?-u)^.*/\\.env\\..*$", opts: GlobOptions { case_insensitive: false, literal_separator: false, backslash_escape: true, empty_alternates: false }, tokens: Tokens([ZeroOrMore, Literal('/'), Literal('.'), Literal('e'), Literal('n'), Literal('v'), Literal('.'), ZeroOrMore]) }
2024-12-02T18:21:18.085 globset [DEBUG] glob converted to regex: Glob { glob: "*/.envrc.*", re: "(?-u)^.*/\\.envrc\\..*$", opts: GlobOptions { case_insensitive: false, literal_separator: false, backslash_escape: true, empty_alternates: false }, tokens: Tokens([ZeroOrMore, Literal('/'), Literal('.'), Literal('e'), Literal('n'), Literal('v'), Literal('r'), Literal('c'), Literal('.'), ZeroOrMore]) }
2024-12-02T18:21:18.085 globset [DEBUG] glob converted to regex: Glob { glob: "*/conf/*/*.{inc,conf}", re: "(?-u)^.*/conf/.*/.*\\.(?:conf|inc)$", opts: GlobOptions { case_insensitive: false, literal_separator: false, backslash_escape: true, empty_alternates: false }, tokens: Tokens([ZeroOrMore, Literal('/'), Literal('c'), Literal('o'), Literal('n'), Literal('f'), Literal('/'), ZeroOrMore, Literal('/'), ZeroOrMore, Literal('.'), Alternates([Tokens([Literal('c'), Literal('o'), Literal('n'), Literal('f')]), Tokens([Literal('i'), Literal('n'), Literal('c')])])]) }
2024-12-02T18:21:18.085 globset [DEBUG] glob converted to regex: Glob { glob: "*/Jenkinsfile.*", re: "(?-u)^.*/Jenkinsfile\\..*$", opts: GlobOptions { case_insensitive: false, literal_separator: false, backslash_escape: true, empty_alternates: false }, tokens: Tokens([ZeroOrMore, Literal('/'), Literal('J'), Literal('e'), Literal('n'), Literal('k'), Literal('i'), Literal('n'), Literal('s'), Literal('f'), Literal('i'), Literal('l'), Literal('e'), Literal('.'), ZeroOrMore]) }
2024-12-02T18:21:18.085 globset [DEBUG] built glob set; 1 literals, 0 basenames, 0 extensions, 0 prefixes, 124 suffixes, 8 required extensions, 10 regexes
2024-12-02T18:21:18.087 helix_view::theme [WARN] Theme: invalid style attribute: cursorline
2024-12-02T18:21:18.088 helix_view::clipboard [DEBUG] Using xclip to interact with the system and selection (primary) clipboard
2024-12-02T18:21:18.088 mio::poll [TRACE] registering event source with poller: token=Token(104672013553280), interests=READABLE | WRITABLE
2024-12-02T18:21:18.088 mio::poll [TRACE] registering event source with poller: token=Token(104672013514368), interests=READABLE | WRITABLE
2024-12-02T18:21:18.089 mio::poll [TRACE] registering event source with poller: token=Token(0), interests=READABLE
2024-12-02T18:21:18.089 mio::poll [TRACE] registering event source with poller: token=Token(1), interests=READABLE
2024-12-02T18:21:18.092 helix_tui::backend::crossterm [DEBUG] The keyboard enhancement protocol is supported in this terminal (checked in 3.36621ms)
2024-12-02T18:21:18.092 helix_view::document [DEBUG] id 1 modified - last saved: 0, current: 0
2024-12-02T18:21:18.339 helix_term::application [DEBUG] received editor event: IdleTimer
2024-12-02T18:21:19.161 helix_view::document [DEBUG] id 1 modified - last saved: 0, current: 0
2024-12-02T18:21:19.305 helix_view::document [DEBUG] id 1 modified - last saved: 0, current: 0
2024-12-02T18:21:19.557 helix_term::application [DEBUG] received editor event: IdleTimer
2024-12-02T18:21:22.317 helix_view::document [DEBUG] id 1 modified - last saved: 0, current: 0
2024-12-02T18:21:22.428 helix_term::commands::typed [DEBUG] quitting...
2024-12-02T18:21:22.429 helix_view::document [DEBUG] id 1 modified - last saved: 0, current: 0
2024-12-02T18:21:22.569 helix_term::application [DEBUG] received editor event: IdleTimer
2024-12-02T18:21:22.611 helix_term::commands::typed [DEBUG] quitting...
2024-12-02T18:21:22.611 helix_view::document [DEBUG] id 1 modified - last saved: 0, current: 0
2024-12-02T18:21:22.611 helix_term::job [DEBUG] waiting on jobs...
2024-12-02T18:21:22.611 helix_term::job [DEBUG] waiting on jobs...
2024-12-02T18:21:22.613 mio::poll [TRACE] deregistering event source from poller
2024-12-02T18:21:22.613 mio::poll [TRACE] deregistering event source from poller
